Determining if the pthread_create exist failed with the following output:
Change Dir: /home/vm/Desktop/HPS3D-160-PCL/read_visualise_cloud/build/CMakeFiles/CMakeTmp

Run Build Command:"/usr/bin/make" "cmTC_355dd/fast"
/usr/bin/make -f CMakeFiles/cmTC_355dd.dir/build.make CMakeFiles/cmTC_355dd.dir/build
make[1]: Entering directory '/home/vm/Desktop/HPS3D-160-PCL/read_visualise_cloud/build/CMakeFiles/CMakeTmp'
Building C object CMakeFiles/cmTC_355dd.dir/CheckSymbolExists.c.o
/usr/bin/cc    -o CMakeFiles/cmTC_355dd.dir/CheckSymbolExists.c.o   -c /home/vm/Desktop/HPS3D-160-PCL/read_visualise_cloud/build/CMakeFiles/CMakeTmp/CheckSymbolExists.c
Linking C executable cmTC_355dd
/usr/bin/cmake -E cmake_link_script CMakeFiles/cmTC_355dd.dir/link.txt --verbose=1
/usr/bin/cc      -rdynamic CMakeFiles/cmTC_355dd.dir/CheckSymbolExists.c.o  -o cmTC_355dd 
CMakeFiles/cmTC_355dd.dir/CheckSymbolExists.c.o: In function `main':
CheckSymbolExists.c:(.text+0x1b): undefined reference to `pthread_create'
collect2: error: ld returned 1 exit status
CMakeFiles/cmTC_355dd.dir/build.make:97: recipe for target 'cmTC_355dd' failed
make[1]: *** [cmTC_355dd] Error 1
make[1]: Leaving directory '/home/vm/Desktop/HPS3D-160-PCL/read_visualise_cloud/build/CMakeFiles/CMakeTmp'
Makefile:126: recipe for target 'cmTC_355dd/fast' failed
make: *** [cmTC_355dd/fast] Error 2

File /home/vm/Desktop/HPS3D-160-PCL/read_visualise_cloud/build/CMakeFiles/CMakeTmp/CheckSymbolExists.c:
/* */
#include <pthread.h>

int main(int argc, char** argv)
{
  (void)argv;
#ifndef pthread_create
  return ((int*)(&pthread_create))[argc];
#else
  (void)argc;
  return 0;
#endif
}

Determining if the function pthread_create exists in the pthreads failed with the following output:
Change Dir: /home/vm/Desktop/HPS3D-160-PCL/read_visualise_cloud/build/CMakeFiles/CMakeTmp

Run Build Command:"/usr/bin/make" "cmTC_3902d/fast"
/usr/bin/make -f CMakeFiles/cmTC_3902d.dir/build.make CMakeFiles/cmTC_3902d.dir/build
make[1]: Entering directory '/home/vm/Desktop/HPS3D-160-PCL/read_visualise_cloud/build/CMakeFiles/CMakeTmp'
Building C object CMakeFiles/cmTC_3902d.dir/CheckFunctionExists.c.o
/usr/bin/cc   -DCHECK_FUNCTION_EXISTS=pthread_create   -o CMakeFiles/cmTC_3902d.dir/CheckFunctionExists.c.o   -c /usr/share/cmake-3.10/Modules/CheckFunctionExists.c
Linking C executable cmTC_3902d
/usr/bin/cmake -E cmake_link_script CMakeFiles/cmTC_3902d.dir/link.txt --verbose=1
/usr/bin/cc  -DCHECK_FUNCTION_EXISTS=pthread_create    -rdynamic CMakeFiles/cmTC_3902d.dir/CheckFunctionExists.c.o  -o cmTC_3902d -lpthreads 
/usr/bin/ld: cannot find -lpthreads
collect2: error: ld returned 1 exit status
CMakeFiles/cmTC_3902d.dir/build.make:97: recipe for target 'cmTC_3902d' failed
make[1]: *** [cmTC_3902d] Error 1
make[1]: Leaving directory '/home/vm/Desktop/HPS3D-160-PCL/read_visualise_cloud/build/CMakeFiles/CMakeTmp'
Makefile:126: recipe for target 'cmTC_3902d/fast' failed
make: *** [cmTC_3902d/fast] Error 2


